 INFO [09:27:51] ------------------------------------------------------------------------
 INFO [09:27:51] start  : 2015-06-11 09:27:07.272
 INFO [09:27:51] end    : 2015-06-11 09:27:51.368
 INFO [09:27:51] result : 0
 INFO [09:27:51] ------------------------------------------------------------------------
 INFO [10:10:45] Begin Insert!
 INFO [10:12:11] ------------------------------------------------------------------------
 INFO [10:12:11] start  : 2015-06-11 10:10:45.165
 INFO [10:12:11] end    : 2015-06-11 10:12:11.592
 INFO [10:12:11] result : 0
 INFO [10:12:11] ------------------------------------------------------------------------
 INFO [10:44:25] Begin Insert!
 INFO [10:44:37] End Insert process.
 INFO [10:44:37] Total insert row number is 3
 INFO [10:45:03] Begin Delete!
 INFO [10:45:03] End delete process.
 INFO [10:45:03] Total delete row number is 12
 INFO [10:46:31] Begin Update!
 INFO [10:46:34] ------------------------------------------------------------------------
 INFO [10:46:34] start  : 2015-06-11 10:44:04.911
 INFO [10:46:34] end    : 2015-06-11 10:46:34.645
 INFO [10:46:34] result : 0
 INFO [10:46:34] ------------------------------------------------------------------------
 INFO [10:49:34] Begin Insert!
 INFO [10:49:34] ------------------------------------------------------------------------
 INFO [10:49:34] start  : 2015-06-11 10:49:27.093
 INFO [10:49:34] end    : 2015-06-11 10:49:34.128
 INFO [10:49:34] result : 0
 INFO [10:49:34] ------------------------------------------------------------------------
 INFO [10:52:18] Begin Insert!
 INFO [10:52:18] ------------------------------------------------------------------------
 INFO [10:52:18] start  : 2015-06-11 10:50:43.652
 INFO [10:52:18] end    : 2015-06-11 10:52:18.328
 INFO [10:52:18] result : 0
 INFO [10:52:18] ------------------------------------------------------------------------
 INFO [10:53:09] Begin Insert!
 INFO [10:53:09] Begin Delete!
 INFO [10:53:09] 0Rows deleting.
 INFO [10:53:09] 0Rows deleting.
 INFO [10:53:09] 0Rows deleting.
 INFO [10:53:09] 0Rows deleting.
 INFO [10:53:09] 0Rows deleting.
 INFO [10:53:09] 0Rows deleting.
 INFO [10:53:09] 0Rows deleting.
 INFO [10:53:09] 0Rows deleting.
 INFO [10:53:09] 0Rows deleting.
 INFO [10:53:09] End delete process.
 INFO [10:53:09] Total delete row number is 9
 INFO [10:53:23] Begin Update!
 INFO [10:55:48] Begin Insert!
 INFO [10:55:48] Begin Delete!
 INFO [10:55:48] 0Rows deleting.
 INFO [10:55:48] 0Rows deleting.
 INFO [10:55:48] 0Rows deleting.
 INFO [10:55:48] 0Rows deleting.
 INFO [10:55:48] 0Rows deleting.
 INFO [10:55:48] 0Rows deleting.
 INFO [10:55:48] 0Rows deleting.
 INFO [10:55:48] 0Rows deleting.
 INFO [10:55:48] 0Rows deleting.
 INFO [10:55:48] End delete process.
 INFO [10:55:48] Total delete row number is 9
 INFO [10:55:50] Begin Update!
 INFO [10:55:50] 0Rows updating.
 INFO [10:55:50] 0Rows updating.
 INFO [10:55:50] 0Rows updating.
 INFO [10:55:50] 0Rows updating.
 INFO [10:55:50] 0Rows updating.
 INFO [10:55:50] 0Rows updating.
 INFO [10:55:51] 0Rows updating.
 INFO [10:55:51] 0Rows updating.
 INFO [10:55:51] 0Rows updating.
 INFO [10:55:51] End update process.
 INFO [10:55:51] Total update row number is 9
 INFO [10:55:51] ------------------------------------------------------------------------
 INFO [10:55:51] start  : 2015-06-11 10:55:44.851
 INFO [10:55:51] end    : 2015-06-11 10:55:51.384
 INFO [10:55:51] result : 18
 INFO [10:55:51] ------------------------------------------------------------------------
